<?xml version="1.0" encoding="UTF-8" ?><testsuite errors="0" name="jasmine.specs" tests="5" failures="0" skipped="0" hostname="localhost" time="0.0" timestamp="2012-10-23T10:35:06"><testcase classname="jasmine" name="Poker.TableManager Test test create table" time="0.0" failure="false"/><testcase classname="jasmine" name="Poker.TableManager Test test add player" time="0.0" failure="false"/><testcase classname="jasmine" name="Poker.Map Test test put" time="0.0" failure="false"/><testcase classname="jasmine" name="Poker.Map Test Test remove" time="0.0" failure="false"/><testcase classname="jasmine" name="Poker.Map Test Test keyValue" time="0.0" failure="false"/></testsuite>