<?xml version="1.0" encoding="UTF-8" ?>
<testsuite failures="0" time="0.016" errors="0" skipped="0" tests="18" name="com.cubeia.poker.variant.telesina.hand.TelesinaHandComparatorTest">
  <properties>
    <property name="java.runtime.name" value="Java(TM) SE Runtime Environment"/>
    <property name="sun.boot.library.path" value="C:\Program Files (x86)\Java\jre6\bin"/>
    <property name="java.vm.version" value="17.0-b17"/>
    <property name="java.vm.vendor" value="Sun Microsystems Inc."/>
    <property name="java.vendor.url" value="http://java.sun.com/"/>
    <property name="path.separator" value=";"/>
    <property name="guice.disable.misplaced.annotation.check" value="true"/>
    <property name="java.vm.name" value="Java HotSpot(TM) Client VM"/>
    <property name="file.encoding.pkg" value="sun.io"/>
    <property name="user.country" value="US"/>
    <property name="sun.java.launcher" value="SUN_STANDARD"/>
    <property name="sun.os.patch.level" value="Service Pack 1"/>
    <property name="java.vm.specification.name" value="Java Virtual Machine Specification"/>
    <property name="user.dir" value="E:\PROJECT 0.0.1\Project source\cubeiapoker\server"/>
    <property name="java.runtime.version" value="1.6.0_21-b07"/>
    <property name="java.awt.graphicsenv" value="sun.awt.Win32GraphicsEnvironment"/>
    <property name="java.endorsed.dirs" value="C:\Program Files (x86)\Java\jre6\lib\endorsed"/>
    <property name="os.arch" value="x86"/>
    <property name="java.io.tmpdir" value="C:\Users\VUNP~1.UNI\AppData\Local\Temp\"/>
    <property name="line.separator" value="
"/>
    <property name="java.vm.specification.vendor" value="Sun Microsystems Inc."/>
    <property name="user.variant" value=""/>
    <property name="os.name" value="Windows 7"/>
    <property name="classworlds.conf" value="D:\workspace\.metadata\.plugins\org.eclipse.m2e.core\launches\m2conf2289186851739223413.tmp"/>
    <property name="sun.jnu.encoding" value="Cp1252"/>
    <property name="java.library.path" value="C:\Program Files (x86)\Java\jre6\bin;.;C:\Windows\Sun\Java\bin;C:\Windows\system32;C:\Windows;C:/Program Files (x86)/Java/jre6/bin/client;C:/Program Files (x86)/Java/jre6/bin;C:/Program Files (x86)/Java/jre6/lib/i386;C:\Windows\system32;C:\Windows;C:\Windows\System32\Wbem;C:\Windows\System32\WindowsPowerShell\v1.0\;C:\Program Files\TortoiseSVN\bin;C:\apache-maven-3.0.4\bin;C:\Program Files (x86)\Java\jdk1.6.0_03\bin;%Java_JDK%\bin;C:\Program Files (x86)\Java\jdk1.6.0_03\bin;C:\Program Files (x86)\Java\jre1.6.0_03/bin;C:\Program Files\TortoiseSVN\bin;C:\Program Files\Mercurial;C:\Program Files\Mercurial\;"/>
    <property name="java.specification.name" value="Java Platform API Specification"/>
    <property name="java.class.version" value="50.0"/>
    <property name="sun.management.compiler" value="HotSpot Client Compiler"/>
    <property name="os.version" value="6.1"/>
    <property name="user.home" value="C:\Users\vunp.UNITEK"/>
    <property name="user.timezone" value="Asia/Bangkok"/>
    <property name="java.awt.printerjob" value="sun.awt.windows.WPrinterJob"/>
    <property name="file.encoding" value="Cp1252"/>
    <property name="java.specification.version" value="1.6"/>
    <property name="user.name" value="vunp"/>
    <property name="java.class.path" value="/E:/eclipse-SDK-3.6-win32/eclipse/configuration/org.eclipse.osgi/bundles/247/1/.cp/jars/plexus-classworlds-2.4.jar"/>
    <property name="java.vm.specification.version" value="1.0"/>
    <property name="sun.arch.data.model" value="32"/>
    <property name="java.home" value="C:\Program Files (x86)\Java\jre6"/>
    <property name="java.specification.vendor" value="Sun Microsystems Inc."/>
    <property name="user.language" value="en"/>
    <property name="awt.toolkit" value="sun.awt.windows.WToolkit"/>
    <property name="java.vm.info" value="mixed mode, sharing"/>
    <property name="java.version" value="1.6.0_21"/>
    <property name="java.ext.dirs" value="C:\Program Files (x86)\Java\jre6\lib\ext;C:\Windows\Sun\Java\lib\ext"/>
    <property name="sun.boot.class.path" value="C:\Program Files (x86)\Java\jre6\lib\resources.jar;C:\Program Files (x86)\Java\jre6\lib\rt.jar;C:\Program Files (x86)\Java\jre6\lib\sunrsasign.jar;C:\Program Files (x86)\Java\jre6\lib\jsse.jar;C:\Program Files (x86)\Java\jre6\lib\jce.jar;C:\Program Files (x86)\Java\jre6\lib\charsets.jar;C:\Program Files (x86)\Java\jre6\classes"/>
    <property name="java.vendor" value="Sun Microsystems Inc."/>
    <property name="maven.home" value="E:\PROJECT 0.0.1\Project source\cubeiapoker\server\EMBEDDED"/>
    <property name="file.separator" value="\"/>
    <property name="java.vendor.url.bug" value="http://java.sun.com/cgi-bin/bugreport.cgi"/>
    <property name="sun.cpu.endian" value="little"/>
    <property name="sun.io.unicode.encoding" value="UnicodeLittle"/>
    <property name="sun.desktop" value="windows"/>
    <property name="sun.cpu.isalist" value="pentium_pro+mmx pentium_pro pentium+mmx pentium i486 i386 i86"/>
  </properties>
  <testcase time="0.001" classname="com.cubeia.poker.variant.telesina.hand.TelesinaHandComparatorTest" name="testTwoPairs"/>
  <testcase time="0" classname="com.cubeia.poker.variant.telesina.hand.TelesinaHandComparatorTest" name="testFullHouse"/>
  <testcase time="0.001" classname="com.cubeia.poker.variant.telesina.hand.TelesinaHandComparatorTest" name="testHighCard"/>
  <testcase time="0.003" classname="com.cubeia.poker.variant.telesina.hand.TelesinaHandComparatorTest" name="testShortHandsOneCard"/>
  <testcase time="0" classname="com.cubeia.poker.variant.telesina.hand.TelesinaHandComparatorTest" name="testShortHandsTwoCards"/>
  <testcase time="0" classname="com.cubeia.poker.variant.telesina.hand.TelesinaHandComparatorTest" name="testShortHandsThreeCards"/>
  <testcase time="0" classname="com.cubeia.poker.variant.telesina.hand.TelesinaHandComparatorTest" name="testShortHandsFourCards"/>
  <testcase time="0" classname="com.cubeia.poker.variant.telesina.hand.TelesinaHandComparatorTest" name="testPairs"/>
  <testcase time="0" classname="com.cubeia.poker.variant.telesina.hand.TelesinaHandComparatorTest" name="testPairs2"/>
  <testcase time="0" classname="com.cubeia.poker.variant.telesina.hand.TelesinaHandComparatorTest" name="testTwoPair2"/>
  <testcase time="0.001" classname="com.cubeia.poker.variant.telesina.hand.TelesinaHandComparatorTest" name="testThreeOfAKind"/>
  <testcase time="0.001" classname="com.cubeia.poker.variant.telesina.hand.TelesinaHandComparatorTest" name="testStraight"/>
  <testcase time="0.001" classname="com.cubeia.poker.variant.telesina.hand.TelesinaHandComparatorTest" name="testFlush"/>
  <testcase time="0" classname="com.cubeia.poker.variant.telesina.hand.TelesinaHandComparatorTest" name="testFourOfAKind"/>
  <testcase time="0.001" classname="com.cubeia.poker.variant.telesina.hand.TelesinaHandComparatorTest" name="testStraightFlush"/>
  <testcase time="0" classname="com.cubeia.poker.variant.telesina.hand.TelesinaHandComparatorTest" name="testStraightFlushLowestBeatsHighestHeadsUp"/>
  <testcase time="0" classname="com.cubeia.poker.variant.telesina.hand.TelesinaHandComparatorTest" name="testStraightFlushLowestDontBeatHighestWhenNotHeadsUp"/>
  <testcase time="0.003" classname="com.cubeia.poker.variant.telesina.hand.TelesinaHandComparatorTest" name="testEqualHandsAreEqual"/>
</testsuite>